<?xml version="1.0" encoding="UTF-8"?>
<testng-results ignored="0" total="1" passed="1" failed="0" skipped="0">
  <reporter-output>
  </reporter-output>
  <suite started-at="2024-08-06T09:32:21 IST" name="InetBankingV2" finished-at="2024-08-06T09:32:34 IST" duration-ms="12726">
    <groups>
    </groups>
    <test started-at="2024-08-06T09:32:21 IST" name="Banking App Test" finished-at="2024-08-06T09:32:34 IST" duration-ms="12726">
      <class name="com.inetBanking.testCases.TC_LoginTest_001">
        <test-method is-config="true" signature="setUp(java.lang.String)[pri:0, instance:com.inetBanking.testCases.TC_LoginTest_001@6bb75258]" started-at="2024-08-06T09:32:22 IST" name="setUp" finished-at="2024-08-06T09:32:26 IST" duration-ms="4286" status="PASS">
          <params>
            <param index="0">
              <value>
                <![CDATA[chrome]]>
              </value>
            </param>
          </params>
          <reporter-output>
          </reporter-output>
        </test-method> <!-- setUp -->
        <test-method signature="loginTest()[pri:0, instance:com.inetBanking.testCases.TC_LoginTest_001@6bb75258]" started-at="2024-08-06T09:32:26 IST" name="loginTest" finished-at="2024-08-06T09:32:33 IST" duration-ms="7497" status="PASS">
          <reporter-output>
          </reporter-output>
        </test-method> <!-- loginTest -->
        <test-method is-config="true" signature="tearDown()[pri:0, instance:com.inetBanking.testCases.TC_LoginTest_001@6bb75258]" started-at="2024-08-06T09:32:33 IST" name="tearDown" finished-at="2024-08-06T09:32:34 IST" duration-ms="560" status="PASS">
          <reporter-output>
          </reporter-output>
        </test-method> <!-- tearDown -->
      </class> <!-- com.inetBanking.testCases.TC_LoginTest_001 -->
    </test> <!-- Banking App Test -->
  </suite> <!-- InetBankingV2 -->
</testng-results>
