<?xml version="1.0" encoding="UTF-8"?>
<testng-results ignored="0" total="1" passed="1" failed="0" skipped="0">
  <reporter-output>
  </reporter-output>
  <suite started-at="2024-08-04T17:02:46 IST" name="InetBankingV2" finished-at="2024-08-04T17:02:50 IST" duration-ms="3910">
    <groups>
    </groups>
    <test started-at="2024-08-04T17:02:46 IST" name="Banking App Test" finished-at="2024-08-04T17:02:50 IST" duration-ms="3910">
      <class name="com.inetBanking.testCases.BaseClass">
        <test-method is-config="true" signature="setUp(java.lang.String)[pri:0, instance:com.inetBanking.testCases.BaseClass@5b04476e]" started-at="2024-08-04T17:02:47 IST" name="setUp" finished-at="2024-08-04T17:02:50 IST" duration-ms="3306" status="PASS">
          <params>
            <param index="0">
              <value>
                <![CDATA[chrome]]>
              </value>
            </param>
          </params>
          <reporter-output>
          </reporter-output>
        </test-method> <!-- setUp -->
        <test-method signature="test()[pri:0, instance:com.inetBanking.testCases.BaseClass@5b04476e]" started-at="2024-08-04T17:02:50 IST" name="test" finished-at="2024-08-04T17:02:50 IST" duration-ms="27" status="PASS">
          <reporter-output>
          </reporter-output>
        </test-method> <!-- test -->
        <test-method is-config="true" signature="tearDown()[pri:0, instance:com.inetBanking.testCases.BaseClass@5b04476e]" started-at="2024-08-04T17:02:50 IST" name="tearDown" finished-at="2024-08-04T17:02:50 IST" duration-ms="246" status="PASS">
          <reporter-output>
          </reporter-output>
        </test-method> <!-- tearDown -->
      </class> <!-- com.inetBanking.testCases.BaseClass -->
    </test> <!-- Banking App Test -->
  </suite> <!-- InetBankingV2 -->
</testng-results>
